<?xml version="1.0" encoding="UTF-8"?>
<testsuites>
  <testsuite name="Test Suite" tests="75" assertions="95" errors="0" failures="0" skipped="0" time="8.239316">
    <testsuite name="TaskManager\Tests\Functional\Infrastructure\Persistance\PDO\ActivationToken\ActivationTokenRepositoryTest" file="/var/www/html/tests/Functional/Infrastructure/Persistance/PDO/ActivationToken/ActivationTokenRepositoryTest.php" tests="2" assertions="2" errors="0" failures="0" skipped="0" time="0.230651">
      <testcase name="testCanSaveAndRetrieveActivationToken" class="TaskManager\Tests\Functional\Infrastructure\Persistance\PDO\ActivationToken\ActivationTokenRepositoryTest" classname="TaskManager.Tests.Functional.Infrastructure.Persistance.PDO.ActivationToken.ActivationTokenRepositoryTest" file="/var/www/html/tests/Functional/Infrastructure/Persistance/PDO/ActivationToken/ActivationTokenRepositoryTest.php" line="56" assertions="1" time="0.177950"/>
      <testcase name="testSuccessfulActivateAccount" class="TaskManager\Tests\Functional\Infrastructure\Persistance\PDO\ActivationToken\ActivationTokenRepositoryTest" classname="TaskManager.Tests.Functional.Infrastructure.Persistance.PDO.ActivationToken.ActivationTokenRepositoryTest" file="/var/www/html/tests/Functional/Infrastructure/Persistance/PDO/ActivationToken/ActivationTokenRepositoryTest.php" line="67" assertions="1" time="0.052701"/>
    </testsuite>
    <testsuite name="TaskManager\Tests\Functional\Infrastructure\Persistance\PDO\Task\TaskRepositoryTest" file="/var/www/html/tests/Functional/Infrastructure/Persistance/PDO/Task/TaskRepositoryTest.php" tests="3" assertions="3" errors="0" failures="0" skipped="0" time="0.326573">
      <testcase name="testCanCreateNewTaskWithoutUser" class="TaskManager\Tests\Functional\Infrastructure\Persistance\PDO\Task\TaskRepositoryTest" classname="TaskManager.Tests.Functional.Infrastructure.Persistance.PDO.Task.TaskRepositoryTest" file="/var/www/html/tests/Functional/Infrastructure/Persistance/PDO/Task/TaskRepositoryTest.php" line="48" assertions="1" time="0.047196"/>
      <testcase name="testCanCreateNewTaskWithUser" class="TaskManager\Tests\Functional\Infrastructure\Persistance\PDO\Task\TaskRepositoryTest" classname="TaskManager.Tests.Functional.Infrastructure.Persistance.PDO.Task.TaskRepositoryTest" file="/var/www/html/tests/Functional/Infrastructure/Persistance/PDO/Task/TaskRepositoryTest.php" line="73" assertions="1" time="0.237650"/>
      <testcase name="testCanAssignUserToTask" class="TaskManager\Tests\Functional\Infrastructure\Persistance\PDO\Task\TaskRepositoryTest" classname="TaskManager.Tests.Functional.Infrastructure.Persistance.PDO.Task.TaskRepositoryTest" file="/var/www/html/tests/Functional/Infrastructure/Persistance/PDO/Task/TaskRepositoryTest.php" line="98" assertions="1" time="0.041727"/>
    </testsuite>
    <testsuite name="TaskManager\Tests\Functional\Infrastructure\Persistance\PDO\User\UserRepositoryTest" file="/var/www/html/tests/Functional/Infrastructure/Persistance/PDO/User/UserRepositoryTest.php" tests="5" assertions="5" errors="0" failures="0" skipped="0" time="0.075019">
      <testcase name="testWillThrowExceptionOnInvalidUserId" class="TaskManager\Tests\Functional\Infrastructure\Persistance\PDO\User\UserRepositoryTest" classname="TaskManager.Tests.Functional.Infrastructure.Persistance.PDO.User.UserRepositoryTest" file="/var/www/html/tests/Functional/Infrastructure/Persistance/PDO/User/UserRepositoryTest.php" line="36" assertions="1" time="0.021216"/>
      <testcase name="testCanSaveAndRetrieveUser" class="TaskManager\Tests\Functional\Infrastructure\Persistance\PDO\User\UserRepositoryTest" classname="TaskManager.Tests.Functional.Infrastructure.Persistance.PDO.User.UserRepositoryTest" file="/var/www/html/tests/Functional/Infrastructure/Persistance/PDO/User/UserRepositoryTest.php" line="46" assertions="1" time="0.031235"/>
      <testcase name="testWillThrowNotFoundException" class="TaskManager\Tests\Functional\Infrastructure\Persistance\PDO\User\UserRepositoryTest" classname="TaskManager.Tests.Functional.Infrastructure.Persistance.PDO.User.UserRepositoryTest" file="/var/www/html/tests/Functional/Infrastructure/Persistance/PDO/User/UserRepositoryTest.php" line="67" assertions="1" time="0.007857"/>
      <testcase name="testWillThrowNotFoundExceptionWhenTokenIsExpired" class="TaskManager\Tests\Functional\Infrastructure\Persistance\PDO\User\UserRepositoryTest" classname="TaskManager.Tests.Functional.Infrastructure.Persistance.PDO.User.UserRepositoryTest" file="/var/www/html/tests/Functional/Infrastructure/Persistance/PDO/User/UserRepositoryTest.php" line="74" assertions="1" time="0.008719"/>
      <testcase name="testWillThrowNotFoundExceptionWhenEmailDoesNotExist" class="TaskManager\Tests\Functional\Infrastructure\Persistance\PDO\User\UserRepositoryTest" classname="TaskManager.Tests.Functional.Infrastructure.Persistance.PDO.User.UserRepositoryTest" file="/var/www/html/tests/Functional/Infrastructure/Persistance/PDO/User/UserRepositoryTest.php" line="81" assertions="1" time="0.005992"/>
    </testsuite>
    <testsuite name="TaskManager\Tests\Functional\Interfaces\Web\Controller\Api\UserControllerTest" file="/var/www/html/tests/Functional/Interfaces/Web/Controller/Api/UserControllerTest.php" tests="7" assertions="22" errors="0" failures="0" skipped="0" time="5.621674">
      <testcase name="testCanCreateUserSuccessfully" class="TaskManager\Tests\Functional\Interfaces\Web\Controller\Api\UserControllerTest" classname="TaskManager.Tests.Functional.Interfaces.Web.Controller.Api.UserControllerTest" file="/var/www/html/tests/Functional/Interfaces/Web/Controller/Api/UserControllerTest.php" line="75" assertions="2" time="2.151451"/>
      <testcase name="testCanNotCreateUserOnWrongUsername" class="TaskManager\Tests\Functional\Interfaces\Web\Controller\Api\UserControllerTest" classname="TaskManager.Tests.Functional.Interfaces.Web.Controller.Api.UserControllerTest" file="/var/www/html/tests/Functional/Interfaces/Web/Controller/Api/UserControllerTest.php" line="98" assertions="4" time="0.655310"/>
      <testcase name="testCanNotCreateUserOnWrongEmail" class="TaskManager\Tests\Functional\Interfaces\Web\Controller\Api\UserControllerTest" classname="TaskManager.Tests.Functional.Interfaces.Web.Controller.Api.UserControllerTest" file="/var/www/html/tests/Functional/Interfaces/Web/Controller/Api/UserControllerTest.php" line="124" assertions="4" time="0.539412"/>
      <testcase name="testCanGetUser" class="TaskManager\Tests\Functional\Interfaces\Web\Controller\Api\UserControllerTest" classname="TaskManager.Tests.Functional.Interfaces.Web.Controller.Api.UserControllerTest" file="/var/www/html/tests/Functional/Interfaces/Web/Controller/Api/UserControllerTest.php" line="150" assertions="2" time="0.597927"/>
      <testcase name="testGetUsers" class="TaskManager\Tests\Functional\Interfaces\Web\Controller\Api\UserControllerTest" classname="TaskManager.Tests.Functional.Interfaces.Web.Controller.Api.UserControllerTest" file="/var/www/html/tests/Functional/Interfaces/Web/Controller/Api/UserControllerTest.php" line="164" assertions="2" time="0.557995"/>
      <testcase name="testDeleteUser" class="TaskManager\Tests\Functional\Interfaces\Web\Controller\Api\UserControllerTest" classname="TaskManager.Tests.Functional.Interfaces.Web.Controller.Api.UserControllerTest" file="/var/www/html/tests/Functional/Interfaces/Web/Controller/Api/UserControllerTest.php" line="178" assertions="4" time="0.612179"/>
      <testcase name="testDeleteUserErrorOnNonExistingUser" class="TaskManager\Tests\Functional\Interfaces\Web\Controller\Api\UserControllerTest" classname="TaskManager.Tests.Functional.Interfaces.Web.Controller.Api.UserControllerTest" file="/var/www/html/tests/Functional/Interfaces/Web/Controller/Api/UserControllerTest.php" line="202" assertions="4" time="0.507400"/>
    </testsuite>
    <testsuite name="TaskManager\Tests\Functional\JsonSchema\UsersSchemaTest" file="/var/www/html/tests/Functional/JsonSchema/UsersSchemaTest.php" tests="1" assertions="1" errors="0" failures="0" skipped="0" time="0.638881">
      <testcase name="testIsGetUsersSchemaValid" class="TaskManager\Tests\Functional\JsonSchema\UsersSchemaTest" classname="TaskManager.Tests.Functional.JsonSchema.UsersSchemaTest" file="/var/www/html/tests/Functional/JsonSchema/UsersSchemaTest.php" line="80" assertions="1" time="0.638881"/>
    </testsuite>
    <testsuite name="TaskManager\Tests\Unit\Application\CommandBusTest" file="/var/www/html/tests/Unit/Application/CommandBusTest.php" tests="1" assertions="1" errors="0" failures="0" skipped="0" time="0.299876">
      <testcase name="testCanGetHandlerNameFromCommand" class="TaskManager\Tests\Unit\Application\CommandBusTest" classname="TaskManager.Tests.Unit.Application.CommandBusTest" file="/var/www/html/tests/Unit/Application/CommandBusTest.php" line="25" assertions="1" time="0.299876"/>
    </testsuite>
    <testsuite name="TaskManager\Tests\Unit\Application\HandlerFactoryTest" file="/var/www/html/tests/Unit/Application/HandlerFactoryTest.php" tests="1" assertions="1" errors="0" failures="0" skipped="0" time="0.508084">
      <testcase name="testCan" class="TaskManager\Tests\Unit\Application\HandlerFactoryTest" classname="TaskManager.Tests.Unit.Application.HandlerFactoryTest" file="/var/www/html/tests/Unit/Application/HandlerFactoryTest.php" line="21" assertions="1" time="0.508084"/>
    </testsuite>
    <testsuite name="TaskManager\Tests\Unit\Application\NameInflectorTest" file="/var/www/html/tests/Unit/Application/NameInflectorTest.php" tests="1" assertions="1" errors="0" failures="0" skipped="0" time="0.005807">
      <testcase name="testShouldGetHandlerNameFromCommand" class="TaskManager\Tests\Unit\Application\NameInflectorTest" classname="TaskManager.Tests.Unit.Application.NameInflectorTest" file="/var/www/html/tests/Unit/Application/NameInflectorTest.php" line="12" assertions="1" time="0.005807"/>
    </testsuite>
    <testsuite name="TaskManager\Tests\Unit\Domain\ActivationToken\ActivationTokenTest" file="/var/www/html/tests/Unit/Domain/ActivationToken/ActivationTokenTest.php" tests="3" assertions="6" errors="0" failures="0" skipped="0" time="0.022812">
      <testcase name="testWillGenerateCorrectProperties" class="TaskManager\Tests\Unit\Domain\ActivationToken\ActivationTokenTest" classname="TaskManager.Tests.Unit.Domain.ActivationToken.ActivationTokenTest" file="/var/www/html/tests/Unit/Domain/ActivationToken/ActivationTokenTest.php" line="19" assertions="4" time="0.007346"/>
      <testcase name="testIfCanAssignUserId" class="TaskManager\Tests\Unit\Domain\ActivationToken\ActivationTokenTest" classname="TaskManager.Tests.Unit.Domain.ActivationToken.ActivationTokenTest" file="/var/www/html/tests/Unit/Domain/ActivationToken/ActivationTokenTest.php" line="29" assertions="1" time="0.007898"/>
      <testcase name="testCanAssignActivatedAt" class="TaskManager\Tests\Unit\Domain\ActivationToken\ActivationTokenTest" classname="TaskManager.Tests.Unit.Domain.ActivationToken.ActivationTokenTest" file="/var/www/html/tests/Unit/Domain/ActivationToken/ActivationTokenTest.php" line="38" assertions="1" time="0.007568"/>
    </testsuite>
    <testsuite name="TaskManager\Tests\Unit\Domain\Task\TaskTest" file="/var/www/html/tests/Unit/Domain/Task/TaskTest.php" tests="11" assertions="11" errors="0" failures="0" skipped="0" time="0.256315">
      <testcase name="testAssignedTaskIsToDo" class="TaskManager\Tests\Unit\Domain\Task\TaskTest" classname="TaskManager.Tests.Unit.Domain.Task.TaskTest" file="/var/www/html/tests/Unit/Domain/Task/TaskTest.php" line="40" assertions="1" time="0.075589"/>
      <testcase name="testAssignedTaskIsPending" class="TaskManager\Tests\Unit\Domain\Task\TaskTest" classname="TaskManager.Tests.Unit.Domain.Task.TaskTest" file="/var/www/html/tests/Unit/Domain/Task/TaskTest.php" line="48" assertions="1" time="0.010341"/>
      <testcase name="testAssignedTaskIsDone" class="TaskManager\Tests\Unit\Domain\Task\TaskTest" classname="TaskManager.Tests.Unit.Domain.Task.TaskTest" file="/var/www/html/tests/Unit/Domain/Task/TaskTest.php" line="58" assertions="1" time="0.015018"/>
      <testcase name="testTaskCanGetAssignedUser" class="TaskManager\Tests\Unit\Domain\Task\TaskTest" classname="TaskManager.Tests.Unit.Domain.Task.TaskTest" file="/var/www/html/tests/Unit/Domain/Task/TaskTest.php" line="69" assertions="1" time="0.028302"/>
      <testcase name="testTaskCanAssignUser" class="TaskManager\Tests\Unit\Domain\Task\TaskTest" classname="TaskManager.Tests.Unit.Domain.Task.TaskTest" file="/var/www/html/tests/Unit/Domain/Task/TaskTest.php" line="78" assertions="1" time="0.026915"/>
      <testcase name="testTaskCanUnassignUser" class="TaskManager\Tests\Unit\Domain\Task\TaskTest" classname="TaskManager.Tests.Unit.Domain.Task.TaskTest" file="/var/www/html/tests/Unit/Domain/Task/TaskTest.php" line="87" assertions="1" time="0.009369"/>
      <testcase name="testTaskWillNotUnassignWrongUser" class="TaskManager\Tests\Unit\Domain\Task\TaskTest" classname="TaskManager.Tests.Unit.Domain.Task.TaskTest" file="/var/www/html/tests/Unit/Domain/Task/TaskTest.php" line="95" assertions="1" time="0.028087"/>
      <testcase name="testTaskWillNotBeReassigned" class="TaskManager\Tests\Unit\Domain\Task\TaskTest" classname="TaskManager.Tests.Unit.Domain.Task.TaskTest" file="/var/www/html/tests/Unit/Domain/Task/TaskTest.php" line="106" assertions="1" time="0.027509"/>
      <testcase name="testCanChangeStatusFromDoneToTodo" class="TaskManager\Tests\Unit\Domain\Task\TaskTest" classname="TaskManager.Tests.Unit.Domain.Task.TaskTest" file="/var/www/html/tests/Unit/Domain/Task/TaskTest.php" line="117" assertions="1" time="0.013172"/>
      <testcase name="testExpectsInvalidOrderExceptionWhenChangingFromToDoToDone" class="TaskManager\Tests\Unit\Domain\Task\TaskTest" classname="TaskManager.Tests.Unit.Domain.Task.TaskTest" file="/var/www/html/tests/Unit/Domain/Task/TaskTest.php" line="131" assertions="1" time="0.013608"/>
      <testcase name="testExpectsInvalidOrderExceptionWhenChangingFromPendingToToDo" class="TaskManager\Tests\Unit\Domain\Task\TaskTest" classname="TaskManager.Tests.Unit.Domain.Task.TaskTest" file="/var/www/html/tests/Unit/Domain/Task/TaskTest.php" line="140" assertions="1" time="0.008405"/>
    </testsuite>
    <testsuite name="TaskManager\Tests\Unit\Domain\Task\ValueObject\DescriptionTest" file="/var/www/html/tests/Unit/Domain/Task/ValueObject/DescriptionTest.php" tests="2" assertions="2" errors="0" failures="0" skipped="0" time="0.010128">
      <testcase name="testCanCreateDescription" class="TaskManager\Tests\Unit\Domain\Task\ValueObject\DescriptionTest" classname="TaskManager.Tests.Unit.Domain.Task.ValueObject.DescriptionTest" file="/var/www/html/tests/Unit/Domain/Task/ValueObject/DescriptionTest.php" line="11" assertions="1" time="0.004251"/>
      <testcase name="testWillThrowExceptionOnEmptyDescription" class="TaskManager\Tests\Unit\Domain\Task\ValueObject\DescriptionTest" classname="TaskManager.Tests.Unit.Domain.Task.ValueObject.DescriptionTest" file="/var/www/html/tests/Unit/Domain/Task/ValueObject/DescriptionTest.php" line="23" assertions="1" time="0.005877"/>
    </testsuite>
    <testsuite name="TaskManager\Tests\Unit\Domain\Task\ValueObject\PriorityTest" file="/var/www/html/tests/Unit/Domain/Task/ValueObject/PriorityTest.php" tests="2" assertions="2" errors="0" failures="0" skipped="0" time="0.008284">
      <testcase name="testCanCreatePriority" class="TaskManager\Tests\Unit\Domain\Task\ValueObject\PriorityTest" classname="TaskManager.Tests.Unit.Domain.Task.ValueObject.PriorityTest" file="/var/www/html/tests/Unit/Domain/Task/ValueObject/PriorityTest.php" line="14" assertions="1" time="0.003089"/>
      <testcase name="testWillThrowExceptionOnNegativeValue" class="TaskManager\Tests\Unit\Domain\Task\ValueObject\PriorityTest" classname="TaskManager.Tests.Unit.Domain.Task.ValueObject.PriorityTest" file="/var/www/html/tests/Unit/Domain/Task/ValueObject/PriorityTest.php" line="26" assertions="1" time="0.005195"/>
    </testsuite>
    <testsuite name="TaskManager\Tests\Unit\Domain\Task\ValueObject\StatusTest" file="/var/www/html/tests/Unit/Domain/Task/ValueObject/StatusTest.php" tests="2" assertions="2" errors="0" failures="0" skipped="0" time="0.008267">
      <testcase name="testValidStatus" class="TaskManager\Tests\Unit\Domain\Task\ValueObject\StatusTest" classname="TaskManager.Tests.Unit.Domain.Task.ValueObject.StatusTest" file="/var/www/html/tests/Unit/Domain/Task/ValueObject/StatusTest.php" line="14" assertions="1" time="0.003593"/>
      <testcase name="testInvalidStatus" class="TaskManager\Tests\Unit\Domain\Task\ValueObject\StatusTest" classname="TaskManager.Tests.Unit.Domain.Task.ValueObject.StatusTest" file="/var/www/html/tests/Unit/Domain/Task/ValueObject/StatusTest.php" line="24" assertions="1" time="0.004674"/>
    </testsuite>
    <testsuite name="TaskManager\Tests\Unit\Domain\Task\ValueObject\TitleTest" file="/var/www/html/tests/Unit/Domain/Task/ValueObject/TitleTest.php" tests="2" assertions="2" errors="0" failures="0" skipped="0" time="0.007679">
      <testcase name="testValidStatus" class="TaskManager\Tests\Unit\Domain\Task\ValueObject\TitleTest" classname="TaskManager.Tests.Unit.Domain.Task.ValueObject.TitleTest" file="/var/www/html/tests/Unit/Domain/Task/ValueObject/TitleTest.php" line="11" assertions="1" time="0.003457"/>
      <testcase name="testInvalidStatus" class="TaskManager\Tests\Unit\Domain\Task\ValueObject\TitleTest" classname="TaskManager.Tests.Unit.Domain.Task.ValueObject.TitleTest" file="/var/www/html/tests/Unit/Domain/Task/ValueObject/TitleTest.php" line="21" assertions="1" time="0.004222"/>
    </testsuite>
    <testsuite name="TaskManager\Tests\Unit\Domain\User\UserTest" file="/var/www/html/tests/Unit/Domain/User/UserTest.php" tests="5" assertions="7" errors="0" failures="0" skipped="0" time="0.114967">
      <testcase name="testUserCanAssignTask" class="TaskManager\Tests\Unit\Domain\User\UserTest" classname="TaskManager.Tests.Unit.Domain.User.UserTest" file="/var/www/html/tests/Unit/Domain/User/UserTest.php" line="38" assertions="1" time="0.061918"/>
      <testcase name="testUserCanGetAssignedTasks" class="TaskManager\Tests\Unit\Domain\User\UserTest" classname="TaskManager.Tests.Unit.Domain.User.UserTest" file="/var/www/html/tests/Unit/Domain/User/UserTest.php" line="47" assertions="1" time="0.011064"/>
      <testcase name="testUserCanUnassignTask" class="TaskManager\Tests\Unit\Domain\User\UserTest" classname="TaskManager.Tests.Unit.Domain.User.UserTest" file="/var/www/html/tests/Unit/Domain/User/UserTest.php" line="59" assertions="1" time="0.024391"/>
      <testcase name="testUserCanNotRemoveUnassignedTasks" class="TaskManager\Tests\Unit\Domain\User\UserTest" classname="TaskManager.Tests.Unit.Domain.User.UserTest" file="/var/www/html/tests/Unit/Domain/User/UserTest.php" line="72" assertions="1" time="0.009509"/>
      <testcase name="testSetters" class="TaskManager\Tests\Unit\Domain\User\UserTest" classname="TaskManager.Tests.Unit.Domain.User.UserTest" file="/var/www/html/tests/Unit/Domain/User/UserTest.php" line="86" assertions="3" time="0.008085"/>
    </testsuite>
    <testsuite name="TaskManager\Tests\Unit\Domain\User\ValueObject\EmailTest" file="/var/www/html/tests/Unit/Domain/User/ValueObject/EmailTest.php" tests="18" assertions="18" errors="0" failures="0" skipped="0" time="0.065779">
      <testsuite name="TaskManager\Tests\Unit\Domain\User\ValueObject\EmailTest::testEmailExceptions" tests="10" assertions="10" errors="0" failures="0" skipped="0" time="0.032067">
        <testcase name="testEmailExceptions with data set &quot;providing empty string&quot;" class="TaskManager\Tests\Unit\Domain\User\ValueObject\EmailTest" classname="TaskManager.Tests.Unit.Domain.User.ValueObject.EmailTest" file="/var/www/html/tests/Unit/Domain/User/ValueObject/EmailTest.php" line="44" assertions="1" time="0.003223"/>
        <testcase name="testEmailExceptions with data set &quot;invalid email address&quot;" class="TaskManager\Tests\Unit\Domain\User\ValueObject\EmailTest" classname="TaskManager.Tests.Unit.Domain.User.ValueObject.EmailTest" file="/var/www/html/tests/Unit/Domain/User/ValueObject/EmailTest.php" line="44" assertions="1" time="0.003849"/>
        <testcase name="testEmailExceptions with data set &quot;providing space at the begin&quot;" class="TaskManager\Tests\Unit\Domain\User\ValueObject\EmailTest" classname="TaskManager.Tests.Unit.Domain.User.ValueObject.EmailTest" file="/var/www/html/tests/Unit/Domain/User/ValueObject/EmailTest.php" line="44" assertions="1" time="0.003083"/>
        <testcase name="testEmailExceptions with data set &quot;providing number at the begin&quot;" class="TaskManager\Tests\Unit\Domain\User\ValueObject\EmailTest" classname="TaskManager.Tests.Unit.Domain.User.ValueObject.EmailTest" file="/var/www/html/tests/Unit/Domain/User/ValueObject/EmailTest.php" line="44" assertions="1" time="0.002682"/>
        <testcase name="testEmailExceptions with data set &quot;providing space after after domain&quot;" class="TaskManager\Tests\Unit\Domain\User\ValueObject\EmailTest" classname="TaskManager.Tests.Unit.Domain.User.ValueObject.EmailTest" file="/var/www/html/tests/Unit/Domain/User/ValueObject/EmailTest.php" line="44" assertions="1" time="0.002603"/>
        <testcase name="testEmailExceptions with data set &quot;providing numbers at the end&quot;" class="TaskManager\Tests\Unit\Domain\User\ValueObject\EmailTest" classname="TaskManager.Tests.Unit.Domain.User.ValueObject.EmailTest" file="/var/www/html/tests/Unit/Domain/User/ValueObject/EmailTest.php" line="44" assertions="1" time="0.003625"/>
        <testcase name="testEmailExceptions with data set &quot;providing numbers at the end of two part domain&quot;" class="TaskManager\Tests\Unit\Domain\User\ValueObject\EmailTest" classname="TaskManager.Tests.Unit.Domain.User.ValueObject.EmailTest" file="/var/www/html/tests/Unit/Domain/User/ValueObject/EmailTest.php" line="44" assertions="1" time="0.003550"/>
        <testcase name="testEmailExceptions with data set &quot;providing special characters before domain&quot;" class="TaskManager\Tests\Unit\Domain\User\ValueObject\EmailTest" classname="TaskManager.Tests.Unit.Domain.User.ValueObject.EmailTest" file="/var/www/html/tests/Unit/Domain/User/ValueObject/EmailTest.php" line="44" assertions="1" time="0.003432"/>
        <testcase name="testEmailExceptions with data set &quot;providing special characters after domain&quot;" class="TaskManager\Tests\Unit\Domain\User\ValueObject\EmailTest" classname="TaskManager.Tests.Unit.Domain.User.ValueObject.EmailTest" file="/var/www/html/tests/Unit/Domain/User/ValueObject/EmailTest.php" line="44" assertions="1" time="0.003080"/>
        <testcase name="testEmailExceptions with data set &quot;providing special characters at the end&quot;" class="TaskManager\Tests\Unit\Domain\User\ValueObject\EmailTest" classname="TaskManager.Tests.Unit.Domain.User.ValueObject.EmailTest" file="/var/www/html/tests/Unit/Domain/User/ValueObject/EmailTest.php" line="44" assertions="1" time="0.002940"/>
      </testsuite>
      <testsuite name="TaskManager\Tests\Unit\Domain\User\ValueObject\EmailTest::testValidEmails" tests="8" assertions="8" errors="0" failures="0" skipped="0" time="0.033712">
        <testcase name="testValidEmails with data set &quot;email with numbers&quot;" class="TaskManager\Tests\Unit\Domain\User\ValueObject\EmailTest" classname="TaskManager.Tests.Unit.Domain.User.ValueObject.EmailTest" file="/var/www/html/tests/Unit/Domain/User/ValueObject/EmailTest.php" line="56" assertions="1" time="0.004600"/>
        <testcase name="testValidEmails with data set &quot;email with dots&quot;" class="TaskManager\Tests\Unit\Domain\User\ValueObject\EmailTest" classname="TaskManager.Tests.Unit.Domain.User.ValueObject.EmailTest" file="/var/www/html/tests/Unit/Domain/User/ValueObject/EmailTest.php" line="56" assertions="1" time="0.003826"/>
        <testcase name="testValidEmails with data set &quot;with dot&quot;" class="TaskManager\Tests\Unit\Domain\User\ValueObject\EmailTest" classname="TaskManager.Tests.Unit.Domain.User.ValueObject.EmailTest" file="/var/www/html/tests/Unit/Domain/User/ValueObject/EmailTest.php" line="56" assertions="1" time="0.003821"/>
        <testcase name="testValidEmails with data set &quot;two part domain&quot;" class="TaskManager\Tests\Unit\Domain\User\ValueObject\EmailTest" classname="TaskManager.Tests.Unit.Domain.User.ValueObject.EmailTest" file="/var/www/html/tests/Unit/Domain/User/ValueObject/EmailTest.php" line="56" assertions="1" time="0.004363"/>
        <testcase name="testValidEmails with data set &quot;domain with dash&quot;" class="TaskManager\Tests\Unit\Domain\User\ValueObject\EmailTest" classname="TaskManager.Tests.Unit.Domain.User.ValueObject.EmailTest" file="/var/www/html/tests/Unit/Domain/User/ValueObject/EmailTest.php" line="56" assertions="1" time="0.003574"/>
        <testcase name="testValidEmails with data set &quot;two part domain with dash&quot;" class="TaskManager\Tests\Unit\Domain\User\ValueObject\EmailTest" classname="TaskManager.Tests.Unit.Domain.User.ValueObject.EmailTest" file="/var/www/html/tests/Unit/Domain/User/ValueObject/EmailTest.php" line="56" assertions="1" time="0.003607"/>
        <testcase name="testValidEmails with data set &quot;long_domain&quot;" class="TaskManager\Tests\Unit\Domain\User\ValueObject\EmailTest" classname="TaskManager.Tests.Unit.Domain.User.ValueObject.EmailTest" file="/var/www/html/tests/Unit/Domain/User/ValueObject/EmailTest.php" line="56" assertions="1" time="0.006266"/>
        <testcase name="testValidEmails with data set &quot;long_domain_and_long_second_part_domain&quot;" class="TaskManager\Tests\Unit\Domain\User\ValueObject\EmailTest" classname="TaskManager.Tests.Unit.Domain.User.ValueObject.EmailTest" file="/var/www/html/tests/Unit/Domain/User/ValueObject/EmailTest.php" line="56" assertions="1" time="0.003656"/>
      </testsuite>
    </testsuite>
    <testsuite name="TaskManager\Tests\Unit\Domain\User\ValueObject\PasswordTest" file="/var/www/html/tests/Unit/Domain/User/ValueObject/PasswordTest.php" tests="2" assertions="2" errors="0" failures="0" skipped="0" time="0.006535">
      <testcase name="testCanCreateCorrectPassword" class="TaskManager\Tests\Unit\Domain\User\ValueObject\PasswordTest" classname="TaskManager.Tests.Unit.Domain.User.ValueObject.PasswordTest" file="/var/www/html/tests/Unit/Domain/User/ValueObject/PasswordTest.php" line="11" assertions="1" time="0.004090"/>
      <testcase name="testExpectThrowInvalidPasswordExceptionWhenProvidingTooShortPassword" class="TaskManager\Tests\Unit\Domain\User\ValueObject\PasswordTest" classname="TaskManager.Tests.Unit.Domain.User.ValueObject.PasswordTest" file="/var/www/html/tests/Unit/Domain/User/ValueObject/PasswordTest.php" line="21" assertions="1" time="0.002445"/>
    </testsuite>
    <testsuite name="TaskManager\Tests\Unit\Domain\User\ValueObject\RoleTest" file="/var/www/html/tests/Unit/Domain/User/ValueObject/RoleTest.php" tests="2" assertions="2" errors="0" failures="0" skipped="0" time="0.005900">
      <testcase name="testCanCreateCorrectRole" class="TaskManager\Tests\Unit\Domain\User\ValueObject\RoleTest" classname="TaskManager.Tests.Unit.Domain.User.ValueObject.RoleTest" file="/var/www/html/tests/Unit/Domain/User/ValueObject/RoleTest.php" line="11" assertions="1" time="0.003293"/>
      <testcase name="testExpectThrowInvalidPasswordExceptionWhenProvidingTooShortPassword" class="TaskManager\Tests\Unit\Domain\User\ValueObject\RoleTest" classname="TaskManager.Tests.Unit.Domain.User.ValueObject.RoleTest" file="/var/www/html/tests/Unit/Domain/User/ValueObject/RoleTest.php" line="21" assertions="1" time="0.002607"/>
    </testsuite>
    <testsuite name="TaskManager\Tests\Unit\Domain\User\ValueObject\UsernameTest" file="/var/www/html/tests/Unit/Domain/User/ValueObject/UsernameTest.php" tests="2" assertions="2" errors="0" failures="0" skipped="0" time="0.006050">
      <testcase name="testCanCreateCorrectUsername" class="TaskManager\Tests\Unit\Domain\User\ValueObject\UsernameTest" classname="TaskManager.Tests.Unit.Domain.User.ValueObject.UsernameTest" file="/var/www/html/tests/Unit/Domain/User/ValueObject/UsernameTest.php" line="14" assertions="1" time="0.003559"/>
      <testcase name="testExpectThrowInvalidUsernameExceptionWhenProvidingLeadingNumber" class="TaskManager\Tests\Unit\Domain\User\ValueObject\UsernameTest" classname="TaskManager.Tests.Unit.Domain.User.ValueObject.UsernameTest" file="/var/www/html/tests/Unit/Domain/User/ValueObject/UsernameTest.php" line="24" assertions="1" time="0.002491"/>
    </testsuite>
    <testsuite name="TaskManager\Tests\Unit\Services\EmailService\StrategyFactoryTest" file="/var/www/html/tests/Unit/Services/EmailService/StrategyFactoryTest.php" tests="3" assertions="3" errors="0" failures="0" skipped="0" time="0.020036">
      <testcase name="testWillGetDefaultStrategy" class="TaskManager\Tests\Unit\Services\EmailService\StrategyFactoryTest" classname="TaskManager.Tests.Unit.Services.EmailService.StrategyFactoryTest" file="/var/www/html/tests/Unit/Services/EmailService/StrategyFactoryTest.php" line="22" assertions="1" time="0.003730"/>
      <testcase name="testWillGetChosenStrategy" class="TaskManager\Tests\Unit\Services\EmailService\StrategyFactoryTest" classname="TaskManager.Tests.Unit.Services.EmailService.StrategyFactoryTest" file="/var/www/html/tests/Unit/Services/EmailService/StrategyFactoryTest.php" line="29" assertions="1" time="0.004645"/>
      <testcase name="testWillThrowExceptionWhenProvidingNonExistingProvider" class="TaskManager\Tests\Unit\Services\EmailService\StrategyFactoryTest" classname="TaskManager.Tests.Unit.Services.EmailService.StrategyFactoryTest" file="/var/www/html/tests/Unit/Services/EmailService/StrategyFactoryTest.php" line="36" assertions="1" time="0.011661"/>
    </testsuite>
  </testsuite>
</testsuites>
